<?xml version="1.0" encoding="UTF-8"?>
<!-- Generated by org.testng.reporters.JUnitXMLReporter -->
<testsuite hostname="HDC2-D-BJQ8T72" ignored="0" name="Default test" tests="4" failures="0" timestamp="29 Oct 2019 06:54:38 GMT" time="55.19" errors="0">
  <testcase name="testRegistration" time="36.036" classname="CaseStudy1.study1.OnlineShoppingTest"/>
  <testcase name="testLogin" time="0.594" classname="CaseStudy1.study1.OnlineShoppingTest"/>
  <testcase name="testCart" time="4.442" classname="CaseStudy1.study1.OnlineShoppingTest"/>
  <testcase name="testPayment" time="13.303" classname="CaseStudy1.study1.OnlineShoppingTest"/>
</testsuite> <!-- Default test -->
